<?xml version="1.0" encoding="UTF-8"?>
<testsuite xmlns:xsi="http://www.w3.org/2001/XMLSchema-instance" xsi:noNamespaceSchemaLocation="https://maven.apache.org/surefire/maven-surefire-plugin/xsd/surefire-test-report-3.0.xsd" version="3.0" name="com.ada.stockexchange.domain.StockTest" time="0.078" tests="4" errors="0" skipped="0" failures="0">
  <properties>
[...]
</properties>
  <testcase name="givenStockRepository_whenAskForStockInformationForAValidIdAA_thenReturnStock" classname="com.ada.stockexchange.domain.StockTest" time="0.059"/>
  <testcase name="givenStockWithNoPrice_whenAskingForPrice_thenZeroIsReturned" classname="com.ada.stockexchange.domain.StockTest" time="0"/>
  <testcase name="givenStockRepository_whenAskForStockInformationForAnInvalidIdZZ_thenThrowsIllagalArgumentException" classname="com.ada.stockexchange.domain.StockTest" time="0.002"/>
  <testcase name="givenStockWithNoPrice_whenAskingForCurrency_thenTheDefaultEuroIsReturned" classname="com.ada.stockexchange.domain.StockTest" time="0.002"/>
</testsuite>