<?xml version="1.0" encoding="UTF-8"?>
<coverage generated="1571232797246" clover="4.4.1">
   <project name="interfaces 1.0-SNAPSHOT" timestamp="1571232787680">
      <metrics coveredelements="2" complexity="1" loc="15" methods="1" classes="1" statements="1" packages="1" coveredconditionals="0" coveredmethods="1" elements="2" ncloc="10" files="1" conditionals="0" coveredstatements="1"/>
      <package name="com.ada.stockexchange.interfaces">
         <metrics coveredelements="2" complexity="1" loc="15" methods="1" classes="1" statements="1" coveredconditionals="0" coveredmethods="1" elements="2" ncloc="10" files="1" conditionals="0" coveredstatements="1"/>
         <file path="C:\dev\switchfully\stock-exchange\interfaces\src\main\java\com\ada\stockexchange\interfaces\ExternalStockInformationService.java" name="ExternalStockInformationService.java">
            <metrics coveredelements="2" coveredconditionals="0" complexity="1" loc="15" coveredmethods="1" methods="1" elements="2" classes="1" ncloc="10" statements="1" conditionals="0" coveredstatements="1"/>
            <class name="ExternalStockInformationService">
               <metrics coveredelements="2" coveredconditionals="0" complexity="1" coveredmethods="1" methods="1" elements="2" statements="1" conditionals="0" coveredstatements="1"/>
            </class>
            <line complexity="1" visibility="public" signature="getPriceInEuroForStock(String) : BigDecimal" num="12" count="2" type="method"/>
            <line num="13" count="2" type="stmt"/>
         </file>
      </package>
   </project>
   <testproject name="interfaces 1.0-SNAPSHOT" timestamp="1571232787680">
      <metrics coveredelements="0" complexity="0" loc="0" methods="0" classes="0" statements="0" packages="0" coveredconditionals="0" coveredmethods="0" elements="0" ncloc="0" files="0" conditionals="0" coveredstatements="0"/>
   </testproject>
</coverage>