<?xml version="1.0" encoding="UTF-8"?>
<coverage generated="1571232795104" clover="4.4.1">
   <project name="domain 1.0-SNAPSHOT" timestamp="1571232787680">
      <metrics coveredelements="36" complexity="15" loc="96" methods="12" classes="4" statements="18" packages="1" coveredconditionals="6" coveredmethods="12" elements="36" ncloc="73" files="4" conditionals="6" coveredstatements="18"/>
      <package name="com.ada.stockexchange.domain">
         <metrics coveredelements="36" complexity="15" loc="96" methods="12" classes="4" statements="18" coveredconditionals="6" coveredmethods="12" elements="36" ncloc="73" files="4" conditionals="6" coveredstatements="18"/>
         <file path="C:\dev\switchfully\stock-exchange\domain\src\main\java\com\ada\stockexchange\domain\Stock.java" name="Stock.java">
            <metrics coveredelements="17" coveredconditionals="4" complexity="8" loc="35" coveredmethods="6" methods="6" elements="17" classes="1" ncloc="26" statements="7" conditionals="4" coveredstatements="7"/>
            <class name="Stock">
               <metrics coveredelements="17" coveredconditionals="4" complexity="8" coveredmethods="6" methods="6" elements="17" statements="7" conditionals="4" coveredstatements="7"/>
            </class>
            <line complexity="1" visibility="public" signature="Stock(String,String)" num="11" count="9" type="method"/>
            <line num="12" count="9" type="stmt"/>
            <line num="13" count="9" type="stmt"/>
            <line complexity="1" visibility="public" signature="setPrice(StockPrice) : void" num="16" count="2" type="method"/>
            <line num="17" count="2" type="stmt"/>
            <line complexity="1" visibility="public" signature="getId() : String" num="20" count="5" type="method"/>
            <line num="21" count="5" type="stmt"/>
            <line complexity="1" visibility="public" signature="getName() : String" num="24" count="3" type="method"/>
            <line num="25" count="3" type="stmt"/>
            <line complexity="2" visibility="public" signature="getPriceValue() : BigDecimal" num="28" count="3" type="method"/>
            <line num="29" count="3" type="stmt"/>
            <line falsecount="2" truecount="1" num="29" type="cond"/>
            <line complexity="2" visibility="public" signature="getPriceStockCurrency() : StockCurrency" num="32" count="3" type="method"/>
            <line num="33" count="3" type="stmt"/>
            <line falsecount="2" truecount="1" num="33" type="cond"/>
         </file>
         <file path="C:\dev\switchfully\stock-exchange\domain\src\main\java\com\ada\stockexchange\domain\StockCurrency.java" name="StockCurrency.java">
            <metrics coveredelements="5" coveredconditionals="0" complexity="2" loc="19" coveredmethods="2" methods="2" elements="5" classes="1" ncloc="15" statements="3" conditionals="0" coveredstatements="3"/>
            <class name="StockCurrency">
               <metrics coveredelements="5" coveredconditionals="0" complexity="2" coveredmethods="2" methods="2" elements="5" statements="3" conditionals="0" coveredstatements="3"/>
            </class>
            <line complexity="1" visibility="package" signature="StockCurrency(String,String)" num="11" count="6" type="method"/>
            <line num="12" count="6" type="stmt"/>
            <line num="13" count="6" type="stmt"/>
            <line complexity="1" visibility="public" signature="getSymbol() : String" num="16" count="3" type="method"/>
            <line num="17" count="3" type="stmt"/>
         </file>
         <file path="C:\dev\switchfully\stock-exchange\domain\src\main\java\com\ada\stockexchange\domain\StockPrice.java" name="StockPrice.java">
            <metrics coveredelements="7" coveredconditionals="0" complexity="3" loc="22" coveredmethods="3" methods="3" elements="7" classes="1" ncloc="16" statements="4" conditionals="0" coveredstatements="4"/>
            <class name="StockPrice">
               <metrics coveredelements="7" coveredconditionals="0" complexity="3" coveredmethods="3" methods="3" elements="7" statements="4" conditionals="0" coveredstatements="4"/>
            </class>
            <line complexity="1" visibility="public" signature="StockPrice(BigDecimal,StockCurrency)" num="10" count="2" type="method"/>
            <line num="11" count="2" type="stmt"/>
            <line num="12" count="2" type="stmt"/>
            <line complexity="1" visibility="public" signature="getPrice() : BigDecimal" num="15" count="2" type="method"/>
            <line num="16" count="2" type="stmt"/>
            <line complexity="1" visibility="public" signature="getCurrency() : StockCurrency" num="19" count="2" type="method"/>
            <line num="20" count="2" type="stmt"/>
         </file>
         <file path="C:\dev\switchfully\stock-exchange\domain\src\main\java\com\ada\stockexchange\domain\StockRepository.java" name="StockRepository.java">
            <metrics coveredelements="7" coveredconditionals="2" complexity="2" loc="20" coveredmethods="1" methods="1" elements="7" classes="1" ncloc="16" statements="4" conditionals="2" coveredstatements="4"/>
            <class name="StockRepository">
               <metrics coveredelements="7" coveredconditionals="2" complexity="2" coveredmethods="1" methods="1" elements="7" statements="4" conditionals="2" coveredstatements="4"/>
            </class>
            <line complexity="2" visibility="public" signature="getStockInformation(String) : Stock" num="13" count="4" type="method"/>
            <line num="14" count="4" type="stmt"/>
            <line num="15" count="4" type="stmt"/>
            <line falsecount="2" truecount="2" num="15" type="cond"/>
            <line num="16" count="2" type="stmt"/>
            <line num="18" count="2" type="stmt"/>
         </file>
      </package>
   </project>
   <testproject name="domain 1.0-SNAPSHOT" timestamp="1571232787680">
      <metrics coveredelements="15" complexity="4" loc="50" methods="4" classes="1" statements="11" packages="1" coveredconditionals="0" coveredmethods="4" elements="15" ncloc="30" files="1" conditionals="0" coveredstatements="11"/>
      <package name="com.ada.stockexchange.domain">
         <metrics coveredelements="15" complexity="4" loc="50" methods="4" classes="1" statements="11" coveredconditionals="0" coveredmethods="4" elements="15" ncloc="30" files="1" conditionals="0" coveredstatements="11"/>
         <file path="C:\dev\switchfully\stock-exchange\domain\src\test\java\com\ada\stockexchange\domain\StockTest.java" name="StockTest.java">
            <metrics coveredelements="15" coveredconditionals="0" complexity="4" loc="50" coveredmethods="4" methods="4" elements="15" classes="1" ncloc="30" statements="11" conditionals="0" coveredstatements="11"/>
            <class name="StockTest">
               <metrics coveredelements="15" complexity="4" methods="4" testruns="4" statements="11" coveredconditionals="0" coveredmethods="4" elements="15" testfailures="0" testduration="0.023000000000000003" conditionals="0" coveredstatements="11" testpasses="4"/>
            </class>
            <line complexity="1" visibility="package" signature="givenStockWithNoPrice_whenAskingForCurrency_thenTheDefaultEuroIsReturned() : void" num="12" testsuccess="true" count="1" testduration="0.001" type="method"/>
            <line num="16" count="1" type="stmt"/>
            <line num="18" count="1" type="stmt"/>
            <line complexity="1" visibility="package" signature="givenStockWithNoPrice_whenAskingForPrice_thenZeroIsReturned() : void" num="21" testsuccess="true" count="1" testduration="0.0" type="method"/>
            <line num="25" count="1" type="stmt"/>
            <line num="27" count="1" type="stmt"/>
            <line complexity="1" visibility="package" signature="givenStockRepository_whenAskForStockInformationForAValidIdAA_thenReturnStock() : void" num="30" testsuccess="true" count="1" testduration="0.021" type="method"/>
            <line num="34" count="1" type="stmt"/>
            <line num="35" count="1" type="stmt"/>
            <line num="37" count="1" type="stmt"/>
            <line num="38" count="1" type="stmt"/>
            <line complexity="1" visibility="package" signature="givenStockRepository_whenAskForStockInformationForAnInvalidIdZZ_thenThrowsIllagalArgumentException() : void" num="41" testsuccess="true" count="1" testduration="0.001" type="method"/>
            <line num="45" count="1" type="stmt"/>
            <line num="46" count="1" type="stmt"/>
            <line num="47" count="1" type="stmt"/>
         </file>
      </package>
   </testproject>
</coverage>