<?xml version="1.0" encoding="UTF-8"?>
<coverage generated="1571232481919" clover="4.1.2">
   <project name="service 1.0-SNAPSHOT" timestamp="1571232459571">
      <metrics coveredelements="10" complexity="3" loc="31" methods="2" classes="1" statements="8" packages="1" coveredconditionals="0" coveredmethods="2" elements="10" ncloc="24" files="1" conditionals="0" coveredstatements="8"/>
      <package name="com.ada.stockexchange.service">
         <metrics coveredelements="10" complexity="3" loc="31" methods="2" classes="1" statements="8" coveredconditionals="0" coveredmethods="2" elements="10" ncloc="24" files="1" conditionals="0" coveredstatements="8"/>
         <file path="C:\dev\switchfully\stock-exchange\service\src\main\java\com\ada\stockexchange\service\StockService.java" name="StockService.java">
            <metrics coveredelements="10" coveredconditionals="0" complexity="3" loc="31" coveredmethods="2" methods="2" elements="10" classes="1" ncloc="24" statements="8" conditionals="0" coveredstatements="8"/>
            <class name="StockService">
               <metrics coveredelements="10" coveredconditionals="0" complexity="3" coveredmethods="2" methods="2" elements="10" statements="8" conditionals="0" coveredstatements="8"/>
            </class>
            <line complexity="2" visibility="public" signature="getStock(String) : Stock" num="15" count="2" type="method"/>
            <line num="16" count="2" type="stmt"/>
            <line num="17" count="2" type="stmt"/>
            <line num="18" count="2" type="stmt"/>
            <line num="20" count="1" type="stmt"/>
            <line num="21" count="1" type="stmt"/>
            <line num="23" count="2" type="stmt"/>
            <line complexity="1" visibility="private" signature="enrichStockWithPrice(Stock) : Stock" num="26" count="2" type="method"/>
            <line num="27" count="2" type="stmt"/>
            <line num="28" count="2" type="stmt"/>
         </file>
      </package>
   </project>
   <testproject name="service 1.0-SNAPSHOT" timestamp="1571232459571">
      <metrics coveredelements="0" complexity="0" loc="0" methods="0" classes="0" statements="0" packages="0" coveredconditionals="0" coveredmethods="0" elements="0" ncloc="0" files="0" conditionals="0" coveredstatements="0"/>
   </testproject>
</coverage>