<?xml version="1.0" encoding="UTF-8"?>
<coverage generated="1571232486370" clover="4.1.2">
   <project name="cli 1.0-SNAPSHOT" timestamp="0">
      <metrics coveredelements="0" complexity="2" loc="16" methods="1" classes="1" statements="3" packages="1" coveredconditionals="0" coveredmethods="0" elements="6" ncloc="11" files="1" conditionals="2" coveredstatements="0"/>
      <package name="com.ada.stockexchange.cli">
         <metrics coveredelements="0" complexity="2" loc="16" methods="1" classes="1" statements="3" coveredconditionals="0" coveredmethods="0" elements="6" ncloc="11" files="1" conditionals="2" coveredstatements="0"/>
         <file path="C:\dev\switchfully\stock-exchange\cli\src\main\java\com\ada\stockexchange\cli\MyCLI.java" name="MyCLI.java">
            <metrics coveredelements="0" coveredconditionals="0" complexity="2" loc="16" coveredmethods="0" methods="1" elements="6" classes="1" ncloc="11" statements="3" conditionals="2" coveredstatements="0"/>
            <class name="MyCLI">
               <metrics coveredelements="0" coveredconditionals="0" complexity="2" coveredmethods="0" methods="1" elements="6" statements="3" conditionals="2" coveredstatements="0"/>
            </class>
            <line complexity="2" visibility="public" signature="main(String[]) : void" num="8" count="0" type="method"/>
            <line num="9" count="0" type="stmt"/>
            <line falsecount="0" truecount="0" num="9" type="cond"/>
            <line num="10" count="0" type="stmt"/>
            <line num="12" count="0" type="stmt"/>
         </file>
      </package>
   </project>
   <testproject name="cli 1.0-SNAPSHOT" timestamp="0">
      <metrics coveredelements="0" complexity="0" loc="0" methods="0" classes="0" statements="0" packages="0" coveredconditionals="0" coveredmethods="0" elements="0" ncloc="0" files="0" conditionals="0" coveredstatements="0"/>
   </testproject>
</coverage>