<?xml version="1.0" encoding="UTF-8"?>
<coverage generated="1571232474865" clover="4.1.2">
   <project name="stock-exchange 1.0-SNAPSHOT (Aggregated)" timestamp="1571232470958">
      <metrics coveredelements="52" complexity="30" loc="234" methods="25" classes="10" statements="42" packages="5" coveredconditionals="4" coveredmethods="17" elements="75" ncloc="175" files="10" conditionals="8" coveredstatements="31"/>
      <package name="com.ada.stockexchange.service">
         <metrics coveredelements="10" complexity="3" loc="31" methods="2" classes="1" statements="8" coveredconditionals="0" coveredmethods="2" elements="10" ncloc="24" files="1" conditionals="0" coveredstatements="8"/>
         <file path="C:\dev\switchfully\stock-exchange\service\src\main\java\com\ada\stockexchange\service\StockService.java" name="StockService.java">
            <metrics coveredelements="10" coveredconditionals="0" complexity="3" loc="31" coveredmethods="2" methods="2" elements="10" classes="1" ncloc="24" statements="8" conditionals="0" coveredstatements="8"/>
            <class name="StockService">
               <metrics coveredelements="10" coveredconditionals="0" complexity="3" coveredmethods="2" methods="2" elements="10" statements="8" conditionals="0" coveredstatements="8"/>
            </class>
            <line complexity="2" visibility="public" signature="getStock(String) : Stock" num="15" count="2" type="method"/>
            <line num="16" count="2" type="stmt"/>
            <line num="17" count="2" type="stmt"/>
            <line num="18" count="2" type="stmt"/>
            <line num="20" count="1" type="stmt"/>
            <line num="21" count="1" type="stmt"/>
            <line num="23" count="2" type="stmt"/>
            <line complexity="1" visibility="private" signature="enrichStockWithPrice(Stock) : Stock" num="26" count="2" type="method"/>
            <line num="27" count="2" type="stmt"/>
            <line num="28" count="2" type="stmt"/>
         </file>
      </package>
      <package name="com.ada.stockexchange.cli">
         <metrics coveredelements="0" complexity="2" loc="16" methods="1" classes="1" statements="3" coveredconditionals="0" coveredmethods="0" elements="6" ncloc="11" files="1" conditionals="2" coveredstatements="0"/>
         <file path="C:\dev\switchfully\stock-exchange\cli\src\main\java\com\ada\stockexchange\cli\MyCLI.java" name="MyCLI.java">
            <metrics coveredelements="0" coveredconditionals="0" complexity="2" loc="16" coveredmethods="0" methods="1" elements="6" classes="1" ncloc="11" statements="3" conditionals="2" coveredstatements="0"/>
            <class name="MyCLI">
               <metrics coveredelements="0" coveredconditionals="0" complexity="2" coveredmethods="0" methods="1" elements="6" statements="3" conditionals="2" coveredstatements="0"/>
            </class>
            <line complexity="2" visibility="public" signature="main(String[]) : void" num="8" count="0" type="method"/>
            <line num="9" count="0" type="stmt"/>
            <line falsecount="0" truecount="0" num="9" type="cond"/>
            <line num="10" count="0" type="stmt"/>
            <line num="12" count="0" type="stmt"/>
         </file>
      </package>
      <package name="com.ada.stockexchange.domain">
         <metrics coveredelements="25" complexity="15" loc="96" methods="12" classes="4" statements="18" coveredconditionals="4" coveredmethods="8" elements="36" ncloc="73" files="4" conditionals="6" coveredstatements="13"/>
         <file path="C:\dev\switchfully\stock-exchange\domain\src\main\java\com\ada\stockexchange\domain\Stock.java" name="Stock.java">
            <metrics coveredelements="13" coveredconditionals="2" complexity="8" loc="35" coveredmethods="5" methods="6" elements="17" classes="1" ncloc="26" statements="7" conditionals="4" coveredstatements="6"/>
            <class name="Stock">
               <metrics coveredelements="13" coveredconditionals="2" complexity="8" coveredmethods="5" methods="6" elements="17" statements="7" conditionals="4" coveredstatements="6"/>
            </class>
            <line complexity="1" visibility="public" signature="Stock(String,String)" num="11" count="5" type="method"/>
            <line num="12" count="5" type="stmt"/>
            <line num="13" count="5" type="stmt"/>
            <line complexity="1" visibility="public" signature="setPrice(StockPrice) : void" num="16" count="0" type="method"/>
            <line num="17" count="0" type="stmt"/>
            <line complexity="1" visibility="public" signature="getId() : String" num="20" count="1" type="method"/>
            <line num="21" count="1" type="stmt"/>
            <line complexity="1" visibility="public" signature="getName() : String" num="24" count="1" type="method"/>
            <line num="25" count="1" type="stmt"/>
            <line complexity="2" visibility="public" signature="getPriceValue() : BigDecimal" num="28" count="1" type="method"/>
            <line num="29" count="1" type="stmt"/>
            <line falsecount="0" truecount="1" num="29" type="cond"/>
            <line complexity="2" visibility="public" signature="getPriceStockCurrency() : StockCurrency" num="32" count="1" type="method"/>
            <line num="33" count="1" type="stmt"/>
            <line falsecount="0" truecount="1" num="33" type="cond"/>
         </file>
         <file path="C:\dev\switchfully\stock-exchange\domain\src\main\java\com\ada\stockexchange\domain\StockCurrency.java" name="StockCurrency.java">
            <metrics coveredelements="5" coveredconditionals="0" complexity="2" loc="19" coveredmethods="2" methods="2" elements="5" classes="1" ncloc="15" statements="3" conditionals="0" coveredstatements="3"/>
            <class name="StockCurrency">
               <metrics coveredelements="5" coveredconditionals="0" complexity="2" coveredmethods="2" methods="2" elements="5" statements="3" conditionals="0" coveredstatements="3"/>
            </class>
            <line complexity="1" visibility="package" signature="StockCurrency(String,String)" num="11" count="3" type="method"/>
            <line num="12" count="3" type="stmt"/>
            <line num="13" count="3" type="stmt"/>
            <line complexity="1" visibility="public" signature="getSymbol() : String" num="16" count="1" type="method"/>
            <line num="17" count="1" type="stmt"/>
         </file>
         <file path="C:\dev\switchfully\stock-exchange\domain\src\main\java\com\ada\stockexchange\domain\StockPrice.java" name="StockPrice.java">
            <metrics coveredelements="0" coveredconditionals="0" complexity="3" loc="22" coveredmethods="0" methods="3" elements="7" classes="1" ncloc="16" statements="4" conditionals="0" coveredstatements="0"/>
            <class name="StockPrice">
               <metrics coveredelements="0" coveredconditionals="0" complexity="3" coveredmethods="0" methods="3" elements="7" statements="4" conditionals="0" coveredstatements="0"/>
            </class>
            <line complexity="1" visibility="public" signature="StockPrice(BigDecimal,StockCurrency)" num="10" count="0" type="method"/>
            <line num="11" count="0" type="stmt"/>
            <line num="12" count="0" type="stmt"/>
            <line complexity="1" visibility="public" signature="getPrice() : BigDecimal" num="15" count="0" type="method"/>
            <line num="16" count="0" type="stmt"/>
            <line complexity="1" visibility="public" signature="getCurrency() : StockCurrency" num="19" count="0" type="method"/>
            <line num="20" count="0" type="stmt"/>
         </file>
         <file path="C:\dev\switchfully\stock-exchange\domain\src\main\java\com\ada\stockexchange\domain\StockRepository.java" name="StockRepository.java">
            <metrics coveredelements="7" coveredconditionals="2" complexity="2" loc="20" coveredmethods="1" methods="1" elements="7" classes="1" ncloc="16" statements="4" conditionals="2" coveredstatements="4"/>
            <class name="StockRepository">
               <metrics coveredelements="7" coveredconditionals="2" complexity="2" coveredmethods="1" methods="1" elements="7" statements="4" conditionals="2" coveredstatements="4"/>
            </class>
            <line complexity="2" visibility="public" signature="getStockInformation(String) : Stock" num="13" count="2" type="method"/>
            <line num="14" count="2" type="stmt"/>
            <line num="15" count="2" type="stmt"/>
            <line falsecount="1" truecount="1" num="15" type="cond"/>
            <line num="16" count="1" type="stmt"/>
            <line num="18" count="1" type="stmt"/>
         </file>
      </package>
      <package name="com.ada.stockexchange.api">
         <metrics coveredelements="17" complexity="9" loc="76" methods="9" classes="3" statements="12" coveredconditionals="0" coveredmethods="7" elements="21" ncloc="57" files="3" conditionals="0" coveredstatements="10"/>
         <file path="C:\dev\switchfully\stock-exchange\api\src\main\java\com\ada\stockexchange\api\StockDto.java" name="StockDto.java">
            <metrics coveredelements="11" coveredconditionals="0" complexity="6" loc="45" coveredmethods="4" methods="6" elements="15" classes="1" ncloc="35" statements="9" conditionals="0" coveredstatements="7"/>
            <class name="StockDto">
               <metrics coveredelements="11" coveredconditionals="0" complexity="6" coveredmethods="4" methods="6" elements="15" statements="9" conditionals="0" coveredstatements="7"/>
            </class>
            <line complexity="1" visibility="public" signature="StockDto(String,String,BigDecimal,String)" num="15" count="2" type="method"/>
            <line num="16" count="2" type="stmt"/>
            <line num="17" count="2" type="stmt"/>
            <line num="18" count="2" type="stmt"/>
            <line num="19" count="2" type="stmt"/>
            <line complexity="1" visibility="public" signature="getId() : String" num="22" count="2" type="method"/>
            <line num="23" count="2" type="stmt"/>
            <line complexity="1" visibility="public" signature="getName() : String" num="26" count="2" type="method"/>
            <line num="27" count="2" type="stmt"/>
            <line complexity="1" visibility="public" signature="getPrice() : BigDecimal" num="30" count="0" type="method"/>
            <line num="31" count="0" type="stmt"/>
            <line complexity="1" visibility="public" signature="getCurrency() : String" num="34" count="2" type="method"/>
            <line num="35" count="2" type="stmt"/>
            <line complexity="1" visibility="public" signature="toString() : String" num="38" count="0" type="method"/>
            <line num="40" count="0" type="stmt"/>
         </file>
         <file path="C:\dev\switchfully\stock-exchange\api\src\main\java\com\ada\stockexchange\api\StockExchangeController.java" name="StockExchangeController.java">
            <metrics coveredelements="4" coveredconditionals="0" complexity="2" loc="16" coveredmethods="2" methods="2" elements="4" classes="1" ncloc="11" statements="2" conditionals="0" coveredstatements="2"/>
            <class name="StockExchangeController">
               <metrics coveredelements="4" coveredconditionals="0" complexity="2" coveredmethods="2" methods="2" elements="4" statements="2" conditionals="0" coveredstatements="2"/>
            </class>
            <line complexity="1" visibility="public" signature="StockExchangeController(StockService)" num="9" count="2" type="method"/>
            <line num="10" count="2" type="stmt"/>
            <line complexity="1" visibility="public" signature="getStock(String) : StockDto" num="13" count="2" type="method"/>
            <line num="14" count="2" type="stmt"/>
         </file>
         <file path="C:\dev\switchfully\stock-exchange\api\src\main\java\com\ada\stockexchange\api\StockMapper.java" name="StockMapper.java">
            <metrics coveredelements="2" coveredconditionals="0" complexity="1" loc="15" coveredmethods="1" methods="1" elements="2" classes="1" ncloc="11" statements="1" conditionals="0" coveredstatements="1"/>
            <class name="StockMapper">
               <metrics coveredelements="2" coveredconditionals="0" complexity="1" coveredmethods="1" methods="1" elements="2" statements="1" conditionals="0" coveredstatements="1"/>
            </class>
            <line complexity="1" visibility="public" signature="mapToDto(Stock) : StockDto" num="7" count="2" type="method"/>
            <line num="8" count="2" type="stmt"/>
         </file>
      </package>
      <package name="com.ada.stockexchange.interfaces">
         <metrics coveredelements="0" complexity="1" loc="15" methods="1" classes="1" statements="1" coveredconditionals="0" coveredmethods="0" elements="2" ncloc="10" files="1" conditionals="0" coveredstatements="0"/>
         <file path="C:\dev\switchfully\stock-exchange\interfaces\src\main\java\com\ada\stockexchange\interfaces\ExternalStockInformationService.java" name="ExternalStockInformationService.java">
            <metrics coveredelements="0" coveredconditionals="0" complexity="1" loc="15" coveredmethods="0" methods="1" elements="2" classes="1" ncloc="10" statements="1" conditionals="0" coveredstatements="0"/>
            <class name="ExternalStockInformationService">
               <metrics coveredelements="0" coveredconditionals="0" complexity="1" coveredmethods="0" methods="1" elements="2" statements="1" conditionals="0" coveredstatements="0"/>
            </class>
            <line complexity="1" visibility="public" signature="getPriceInEuroForStock(String) : BigDecimal" num="12" count="0" type="method"/>
            <line num="13" count="0" type="stmt"/>
         </file>
      </package>
   </project>
   <testproject name="stock-exchange 1.0-SNAPSHOT (Aggregated)" timestamp="1571232470958">
      <metrics coveredelements="29" complexity="6" loc="86" methods="6" classes="2" statements="23" packages="2" coveredconditionals="0" coveredmethods="6" elements="29" ncloc="55" files="2" conditionals="0" coveredstatements="23"/>
      <package name="com.ada.stockexchange.domain">
         <metrics coveredelements="15" complexity="4" loc="50" methods="4" classes="1" statements="11" coveredconditionals="0" coveredmethods="4" elements="15" ncloc="30" files="1" conditionals="0" coveredstatements="11"/>
         <file path="C:\dev\switchfully\stock-exchange\domain\src\test\java\com\ada\stockexchange\domain\StockTest.java" name="StockTest.java">
            <metrics coveredelements="15" coveredconditionals="0" complexity="4" loc="50" coveredmethods="4" methods="4" elements="15" classes="1" ncloc="30" statements="11" conditionals="0" coveredstatements="11"/>
            <class name="StockTest">
               <metrics coveredelements="15" coveredconditionals="0" complexity="4" coveredmethods="4" methods="4" elements="15" statements="11" conditionals="0" coveredstatements="11"/>
            </class>
            <line complexity="1" visibility="package" signature="givenStockWithNoPrice_whenAskingForCurrency_thenTheDefaultEuroIsReturned() : void" num="12" count="1" type="method"/>
            <line num="16" count="1" type="stmt"/>
            <line num="18" count="1" type="stmt"/>
            <line complexity="1" visibility="package" signature="givenStockWithNoPrice_whenAskingForPrice_thenZeroIsReturned() : void" num="21" count="1" type="method"/>
            <line num="25" count="1" type="stmt"/>
            <line num="27" count="1" type="stmt"/>
            <line complexity="1" visibility="package" signature="givenStockRepository_whenAskForStockInformationForAValidIdAA_thenReturnStock() : void" num="30" count="1" type="method"/>
            <line num="34" count="1" type="stmt"/>
            <line num="35" count="1" type="stmt"/>
            <line num="37" count="1" type="stmt"/>
            <line num="38" count="1" type="stmt"/>
            <line complexity="1" visibility="package" signature="givenStockRepository_whenAskForStockInformationForAnInvalidIdZZ_thenThrowsIllagalArgumentException() : void" num="41" count="1" type="method"/>
            <line num="45" count="1" type="stmt"/>
            <line num="46" count="1" type="stmt"/>
            <line num="47" count="1" type="stmt"/>
         </file>
      </package>
      <package name="default-pkg">
         <metrics coveredelements="14" complexity="2" loc="36" methods="2" classes="1" statements="12" coveredconditionals="0" coveredmethods="2" elements="14" ncloc="25" files="1" conditionals="0" coveredstatements="12"/>
         <file path="C:\dev\switchfully\stock-exchange\api\src\test\java\StockExchangeControllerTest.java" name="StockExchangeControllerTest.java">
            <metrics coveredelements="14" coveredconditionals="0" complexity="2" loc="36" coveredmethods="2" methods="2" elements="14" classes="1" ncloc="25" statements="12" conditionals="0" coveredstatements="12"/>
            <class name="StockExchangeControllerTest">
               <metrics coveredelements="14" coveredconditionals="0" complexity="2" coveredmethods="2" methods="2" elements="14" statements="12" conditionals="0" coveredstatements="12"/>
            </class>
            <line complexity="1" visibility="package" signature="givenADatabase_whenStockExchangeControllerAskForIdAA_thenStockDTOContainingIsReturned() : void" num="11" count="1" type="method"/>
            <line num="15" count="1" type="stmt"/>
            <line num="16" count="1" type="stmt"/>
            <line num="17" count="1" type="stmt"/>
            <line num="19" count="1" type="stmt"/>
            <line num="20" count="1" type="stmt"/>
            <line num="21" count="1" type="stmt"/>
            <line complexity="1" visibility="package" signature="givenADatabase_whenStoclExchangeControllerAskForUnknownId_theReturnAnUknownDTO() : void" num="24" count="1" type="method"/>
            <line num="28" count="1" type="stmt"/>
            <line num="29" count="1" type="stmt"/>
            <line num="30" count="1" type="stmt"/>
            <line num="32" count="1" type="stmt"/>
            <line num="33" count="1" type="stmt"/>
            <line num="34" count="1" type="stmt"/>
         </file>
      </package>
   </testproject>
</coverage>